<?xml version="1.0" encoding="UTF-8"?>
<!-- Generated by org.testng.reporters.JUnitXMLReporter -->
<testsuite hostname="DESKTOP-TGL9T5H" ignored="0" name="Default test" tests="4" failures="0" timestamp="2020-02-03T20:53:33 GMT" time="6.215" errors="0">
  <testcase name="testCreatePet" time="2.839" classname="com.apitest.code.API_Test"/>
  <testcase name="testVerifyCreatePet" time="1.228" classname="com.apitest.code.API_Test"/>
  <testcase name="testUpdateCreatedPet" time="0.603" classname="com.apitest.code.API_Test"/>
  <testcase name="testDeletePet" time="0.602" classname="com.apitest.code.API_Test"/>
</testsuite> <!-- Default test -->
