<?xml version="1.0" encoding="UTF-8"?>
<testng-results skipped="0" failed="0" ignored="0" total="4" passed="4">
  <reporter-output>
  </reporter-output>
  <suite name="Default suite" duration-ms="6215" started-at="2020-02-03T20:53:27 GMT" finished-at="2020-02-03T20:53:33 GMT">
    <groups>
    </groups>
    <test name="Default test" duration-ms="6215" started-at="2020-02-03T20:53:27 GMT" finished-at="2020-02-03T20:53:33 GMT">
      <class name="com.apitest.code.API_Test">
        <test-method status="PASS" signature="setup()[pri:0, instance:com.apitest.code.API_Test@4f970963]" name="setup" is-config="true" duration-ms="876" started-at="2020-02-03T20:53:27 GMT" finished-at="2020-02-03T20:53:28 GMT">
          <reporter-output>
          </reporter-output>
        </test-method> <!-- setup -->
        <test-method status="PASS" signature="testCreatePet()[pri:1, instance:com.apitest.code.API_Test@4f970963]" name="testCreatePet" duration-ms="2839" started-at="2020-02-03T20:53:28 GMT" description="This API helps to create pet with ID, Category Name, Pet Name, Status, Tag Name, Photo URL " finished-at="2020-02-03T20:53:30 GMT">
          <reporter-output>
          </reporter-output>
        </test-method> <!-- testCreatePet -->
        <test-method status="PASS" signature="testVerifyCreatePet()[pri:2, instance:com.apitest.code.API_Test@4f970963]" name="testVerifyCreatePet" duration-ms="1228" started-at="2020-02-03T20:53:30 GMT" description="This API helps to verify the data created for the pet" finished-at="2020-02-03T20:53:32 GMT">
          <reporter-output>
          </reporter-output>
        </test-method> <!-- testVerifyCreatePet -->
        <test-method status="PASS" signature="testUpdateCreatedPet()[pri:3, instance:com.apitest.code.API_Test@4f970963]" name="testUpdateCreatedPet" duration-ms="603" started-at="2020-02-03T20:53:32 GMT" description="This API updates the name of the pet" finished-at="2020-02-03T20:53:32 GMT">
          <reporter-output>
          </reporter-output>
        </test-method> <!-- testUpdateCreatedPet -->
        <test-method status="PASS" signature="testDeletePet()[pri:4, instance:com.apitest.code.API_Test@4f970963]" name="testDeletePet" duration-ms="602" started-at="2020-02-03T20:53:32 GMT" description="This API deletes the pet which was created" finished-at="2020-02-03T20:53:33 GMT">
          <reporter-output>
          </reporter-output>
        </test-method> <!-- testDeletePet -->
      </class> <!-- com.apitest.code.API_Test -->
    </test> <!-- Default test -->
  </suite> <!-- Default suite -->
</testng-results>
